make all --print-data-base --no-builtin-variables --no-builtin-rules --question
make: *** No rule to make target 'all'.  Stop.

# GNU Make 4.2.1
# Built for x86_64-pc-linux-gnu
# Copyright (C) 1988-2016 Free Software Foundation, Inc.
# License GPLv3+: GNU GPL version 3 or later <http://gnu.org/licenses/gpl.html>
# This is free software: you are free to change and redistribute it.
# There is NO WARRANTY, to the extent permitted by law.

# Make data base, printed on Wed Jun  8 17:41:17 2022

# Variables

# 'override' directive
GNUMAKEFLAGS := 
# automatic
<D = $(patsubst %/,%,$(dir $<))
# automatic
?F = $(notdir $?)
# environment
DESKTOP_SESSION = ubuntu
# default
.SHELLFLAGS := -c
# environment
XDG_SESSION_CLASS = user
# environment
SNAP_COMMON = /var/snap/code/common
# environment
XDG_SESSION_TYPE = x11
# environment
VSCODE_LOG_NATIVE = false
# automatic
?D = $(patsubst %/,%,$(dir $?))
# environment
IM_CONFIG_PHASE = 1
# automatic
@D = $(patsubst %/,%,$(dir $@))
# environment
XAUTHORITY = /run/user/1000/gdm/Xauthority
# environment
GDMSESSION = ubuntu
# environment
XMODIFIERS = @im=ibus
# makefile
CURDIR := /home/hp/project2-E22/src
# makefile
SHELL = /bin/sh
# environment
SNAP_DATA = /var/snap/code/97
# environment
VSCODE_NLS_CONFIG = {"locale":"fr","availableLanguages":{"*":"fr"},"_languagePackId":"25fe6a3290ec415596628d4afc87a88c.fr","_translationsConfigFile":"/home/hp/.config/Code/clp/25fe6a3290ec415596628d4afc87a88c.fr/tcf.json","_cacheRoot":"/home/hp/.config/Code/clp/25fe6a3290ec415596628d4afc87a88c.fr","_resolvedLanguagePackCoreLocation":"/home/hp/.config/Code/clp/25fe6a3290ec415596628d4afc87a88c.fr/c3511e6c69bb39013c4a4b7b9566ec1ca73fc4d5","_corruptedFile":"/home/hp/.config/Code/clp/25fe6a3290ec415596628d4afc87a88c.fr/corrupted.info","_languagePackSupport":true}
# environment
JOURNAL_STREAM = 8:33302
# environment
XDG_CONFIG_DIRS = /etc/xdg/xdg-ubuntu:/etc/xdg
# environment
SNAP_INSTANCE_NAME = code
# environment
SNAP_ARCH = amd64
# makefile (from 'makefile', line 1)
MAKEFILE_LIST :=  makefile
# automatic
@F = $(notdir $@)
# environment
GIO_LAUNCHED_DESKTOP_FILE = /var/lib/snapd/desktop/applications/code_code.desktop
# environment
USERNAME = hp
# environment
XDG_DATA_DIRS = /usr/share/ubuntu:/usr/local/share/:/usr/share/:/var/lib/snapd/desktop
# environment
DBUS_SESSION_BUS_ADDRESS = unix:path=/run/user/1000/bus
# environment
VSCODE_VERBOSE_LOGGING = true
# environment
_ = /snap/code/97/usr/share/code/code
# environment
MANAGERPID = 993
# environment
LESSOPEN = | /usr/bin/lesspipe %s
# environment
VSCODE_CWD = /home/hp
# environment
GSETTINGS_SCHEMA_DIR = /snap/code/97/usr/share/glib-2.0/schemas
# default
MAKE_HOST := x86_64-pc-linux-gnu
# environment
PATH = /home/hp/.local/bin:/home/hp/.local/bin:/usr/local/sbin:/usr/local/bin:/usr/sbin:/usr/bin:/sbin:/bin:/usr/games:/usr/local/games:/snap/bin
# environment
GPG_AGENT_INFO = /run/user/1000/gnupg/S.gpg-agent:0:1
# environment
SESSION_MANAGER = local/Henry:@/tmp/.ICE-unix/1370,unix/Henry:/tmp/.ICE-unix/1370
# environment
XDG_RUNTIME_DIR = /run/user/1000
# environment
GDK_PIXBUF_MODULE_FILE = /home/hp/snap/code/common/.cache/gdk-pixbuf-loaders.cache
# environment
SNAP = /snap/code/97
# environment
SNAP_VERSION = c3511e6c
# environment
XDG_MENU_PREFIX = gnome-
# environment
VSCODE_LOG_STACK = false
# environment
DISABLE_WAYLAND = 1
# environment
ELECTRON_RUN_AS_NODE = 1
# environment
INVOCATION_ID = d2cc193ca71a4d20b2e10ab2e25fc76a
# environment
GDK_PIXBUF_MODULEDIR = /snap/code/97/usr/lib/x86_64-linux-gnu/gdk-pixbuf-2.0/2.10.0/loaders
# default
.FEATURES := target-specific order-only second-expansion else-if shortest-stem undefine oneshell archives jobserver output-sync check-symlink load
# environment
LS_COLORS = 
# environment
XDG_SESSION_DESKTOP = ubuntu
# environment
SSH_AUTH_SOCK = /run/user/1000/keyring/ssh
# environment
GIO_LAUNCHED_DESKTOP_FILE_PID = 3324
# automatic
%F = $(notdir $%)
# environment
DISPLAY = :0
# environment
VSCODE_PIPE_LOGGING = true
# environment
SNAP_INSTANCE_KEY = 
# environment
PWD = /home/hp/project2-E22/src
# default
.LOADED := 
# environment
SSH_AGENT_PID = 1303
# environment
ORIGINAL_XDG_CURRENT_DESKTOP = ubuntu:GNOME
# environment
GTK_MODULES = gail:atk-bridge
# environment
VSCODE_AMD_ENTRYPOINT = vs/workbench/api/node/extensionHostProcess
# environment
HOME = /home/hp
# environment
LESSCLOSE = /usr/bin/lesspipe %s %s
# environment
VSCODE_CLI = 1
# environment
VSCODE_CODE_CACHE_PATH = /home/hp/.config/Code/CachedData/c3511e6c69bb39013c4a4b7b9566ec1ca73fc4d5
# environment
LOGNAME = hp
# environment
APPLICATION_INSIGHTS_NO_DIAGNOSTIC_CHANNEL = 1
# environment
SNAP_LIBRARY_PATH = /var/lib/snapd/lib/gl:/var/lib/snapd/lib/gl32:/var/lib/snapd/void
# environment
SNAP_CONTEXT = DeBqg9RoH5HPtJJQ_ckugZr5UWfRHXoliJwJCt10OudC6ocAHXul
# environment
ELECTRON_NO_ATTACH_CONSOLE = 1
# environment
SNAP_USER_COMMON = /home/hp/snap/code/common
# environment
VSCODE_HANDLES_UNCAUGHT_ERRORS = true
# environment
GNOME_DESKTOP_SESSION_ID = this-is-deprecated
# automatic
^D = $(patsubst %/,%,$(dir $^))
# environment
MAKELEVEL := 0
# environment
SNAP_REAL_HOME = /home/hp
# default
MAKE = $(MAKE_COMMAND)
# default
MAKECMDGOALS := all
# environment
QT_IM_MODULE = ibus
# environment
SNAP_USER_DATA = /home/hp/snap/code/97
# environment
SHLVL = 0
# environment
GNOME_SHELL_SESSION_MODE = ubuntu
# environment
VSCODE_IPC_HOOK_EXTHOST = /run/user/1000/vscode-ipc-5902ea25-f4c4-43c4-b9cd-41e3f628146d.sock
# default
MAKE_VERSION := 4.2.1
# environment
USER = hp
# environment
SNAP_REVISION = 97
# makefile
.DEFAULT_GOAL := list.o
# environment
XDG_CURRENT_DESKTOP = Unity
# automatic
%D = $(patsubst %/,%,$(dir $%))
# default
MAKE_COMMAND := make
# default
.VARIABLES := 
# automatic
*F = $(notdir $*)
# environment
VSCODE_IPC_HOOK = /run/user/1000/vscode-fbac0697-1.67.2-main.sock
# environment
BAMF_DESKTOP_FILE_HINT = /var/lib/snapd/desktop/applications/code_code.desktop
# makefile
MAKEFLAGS = pqrR
# environment
MFLAGS = -pqrR
# automatic
*D = $(patsubst %/,%,$(dir $*))
# automatic
+D = $(patsubst %/,%,$(dir $+))
# environment
GDK_BACKEND = x11
# automatic
+F = $(notdir $+)
# environment
QT_ACCESSIBILITY = 1
# default
MAKEFILES := 
# environment
SNAP_COOKIE = DeBqg9RoH5HPtJJQ_ckugZr5UWfRHXoliJwJCt10OudC6ocAHXul
# automatic
<F = $(notdir $<)
# environment
SNAP_NAME = code
# environment
LC_ALL = C
# environment
GJS_DEBUG_TOPICS = JS ERROR;JS LOG
# automatic
^F = $(notdir $^)
# default
SUFFIXES := 
# environment
SNAP_REEXEC = 
# environment
CHROME_DESKTOP = code-url-handler.desktop
# environment
WINDOWPATH = 2
# default
.INCLUDE_DIRS = /usr/include /usr/local/include /usr/include
# environment
GJS_DEBUG_OUTPUT = stderr
# default
.RECIPEPREFIX := 
# environment
LANG = C
# environment
VSCODE_PID = 3372
# variable set hash-table stats:
# Load=120/1024=12%, Rehash=0, Collisions=18/145=12%

# Pattern-specific Variable Values

# No pattern-specific variable values.

# Directories

# . (device 66311, inode 2616859): 48 files, no impossibilities.

# 48 files, no impossibilities in 1 directories.

# Implicit Rules

# No implicit rules.

# Files

# Not a target:
all:
#  Command line target.
#  Implicit rule search has been done.
#  File does not exist.
#  File has not been updated.

# Not a target:
wsolf.c:
#  Implicit rule search has not been done.
#  Modification time never checked.
#  File has not been updated.

# Not a target:
list_char.c:
#  Implicit rule search has not been done.
 
#  Modification time never checked.
#  File has not been updated.

# Not a target:
terminal.c:
#  Implicit rule search has not been done.
#  Modification time never checked.
#  File has not been updated.

propose_word.o: propose_word.c propose_word.h
#  Implicit rule search has not been done.
#  Modification time never checked.
#  File has not been updated.
#  recipe to execute (from 'makefile', line 23):
	clang -Wall -Wextra -pedantic -O0 -fsanitize=address -fno-omit-frame-pointer -fno-optimize-sibling-calls -c propose_word.c

# Not a target:
propose_word_test.c:
#  Implicit rule search has not been done.
#  Modification time never checked.
#  File has not been updated.

# Not a target:
dico.c:
#  Implicit rule search has not been done.
#  Modification time never checked.
#  File has not been updated.

# Not a target:
wsolf.h:
#  Implicit rule search has not been done.
#  Modification time never checked.
#  File has not been updated.

# Not a target:
list_char.h:
#  Implicit rule search has not been done.
#  Modification time never checked.
#  File has not been updated.

tableau.o: tableau.c tableau.h list_string.h
#  Implicit rule search has not been done.
#  Modification time never checked.
#  File has not been updated.
#  recipe to execute (from 'makefile', line 4):
	clang -Wall -Wextra -pedantic -O0 -fsanitize=address -fno-omit-frame-pointer -fno-optimize-sibling-calls -c tableau.c

test_dico: test_dico.o dico.o list_string.o tableau.o
#  Implicit rule search has not been done.
#  Modification time never checked.
#  File has not been updated.
#  recipe to execute (from 'makefile', line 21):
	clang -Wall -Wextra -pedantic -O0 -fsanitize=address -fno-omit-frame-pointer -fno-optimize-sibling-calls dico.o test_dico.o list_string.o tableau.o -o test_dico

# Not a target:
makefile:
#  Implicit rule search has been done.
#  Last modified 2022-06-08 14:40:00.691672987
#  File has been updated.
#  Successfully updated.

# Not a target:
dico.h:
#  Implicit rule search has not been done.
#  Modification time never checked.
#  File has not been updated.

# Not a target:
list_string.o:
#  Implicit rule search has not been done.
#  Modification time never checked.
#  File has not been updated.

wsolf_test.o: wsolf_test.c wsolf.h
#  Implicit rule search has not been done.
#  Modification time never checked.
#  File has not been updated.
#  recipe to execute (from 'makefile', line 17):
	clang -Wall -Wextra -pedantic -O0 -fsanitize=address -fno-omit-frame-pointer -fno-optimize-sibling-calls -c wsolf_test.c

wsolf_test: wsolf_test.o wsolf.o
#  Implicit rule search has not been done.
#  Modification time never checked.
#  File has not been updated.
#  recipe to execute (from 'makefile', line 19):
	clang -Wall -Wextra -pedantic -O0 -g3 -fsanitize=address -fno-omit-frame-pointer -fno-optimize-sibling-calls  wsolf_test.o wsolf.o -o wsolf_test

list_char_test.o: list_char_test.c list_char.c list_char.h
#  Implicit rule search has not been done.
#  Modification time never checked.
#  File has not been updated.
#  recipe to execute (from 'makefile', line 12):
	clang -Wall -Wextra -pedantic -O0 -fsanitize=address -fno-omit-frame-pointer -fno-optimize-sibling-calls -c list_char_test.c
	clang -Wall -Wextra -pedantic -O0 -g3 -fsanitize=address -fno-omit-frame-pointer -fno-optimize-sibling-calls  list_char_test.o -o list_char_test

terminal.o: tableau.h dico.h terminal.c
#  Implicit rule search has not been done.
#  Modification time never checked.
#  File has not been updated.
#  recipe to execute (from 'makefile', line 29):
	clang -Wall -Wextra -pedantic -O0 -fsanitize=address -fno-omit-frame-pointer -fno-optimize-sibling-calls -c terminal.c

# Not a target:
propose_word.c:
#  Implicit rule search has not been done.
#  Modification time never checked.
#  File has not been updated.

# Not a target:
.DEFAULT:
#  Implicit rule search has not been done.
#  Modification time never checked.
#  File has not been updated.

test_dico.o: test_dico.c dico.h list_string.h tableau.h
#  Implicit rule search has not been done.
#  Modification time never checked.
#  File has not been updated.
#  recipe to execute (from 'makefile', line 8):
	clang -Wall -Wextra -pedantic -O0 -fsanitize=address -fno-omit-frame-pointer -fno-optimize-sibling-calls -c test_dico.c

# Not a target:
tableau.c:
#  Implicit rule search has not been done.
#  Modification time never checked.
#  File has not been updated.

clean:
#  Implicit rule search has not been done.
#  Modification time never checked.
#  File has not been updated.
#  recipe to execute (from 'makefile', line 33):
	@rm -rf list.o tableau.o dico.o test_dico.o test_dico list_string.o list_char.o list_char_test.o wsolf.o terminal terminal.o wsolf_test wsolf_test.o terminal terminal.o propose_word.o propose_word_test.o propose_word_test

# Not a target:
propose_word.h:
#  Implicit rule search has not been done.
#  Modification time never checked.
#  File has not been updated.

list.o: list_string.c list_string.h
#  Implicit rule search has not been done.
#  Modification time never checked.
#  File has not been updated.
#  recipe to execute (from 'makefile', line 2):
	clang -Wall -Wextra -pedantic -O0 -fsanitize=address -fno-omit-frame-pointer -fno-optimize-sibling-calls -c list_string.c

wsolf.o: wsolf.c wsolf.h
#  Implicit rule search has not been done.
#  Modification time never checked.
#  File has not been updated.
#  recipe to execute (from 'makefile', line 15):
	clang -Wall -Wextra -pedantic -O0 -fsanitize=address -fno-omit-frame-pointer -fno-optimize-sibling-calls -c wsolf.c

list_char.o: list_char.c list_char.h
#  Implicit rule search has not been done.
#  Modification time never checked.
#  File has not been updated.
#  recipe to execute (from 'makefile', line 10):
	clang -Wall -Wextra -pedantic -O0 -fsanitize=address -fno-omit-frame-pointer -fno-optimize-sibling-calls -c list_char.c

# Not a target:
tableau.h:
#  Implicit rule search has not been done.
#  Modification time never checked.
#  File has not been updated.

# Not a target:
list_string.c:
#  Implicit rule search has not been done.
#  Modification time never checked.
#  File has not been updated.

# Not a target:
wsolf_test.c:
#  Implicit rule search has not been done.
#  Modification time never checked.
#  File has not been updated.

terminal: list.o tableau.o dico.o list_char.o wsolf.o terminal.o propose_word.o
#  Implicit rule search has not been done.
#  Modification time never checked.
#  File has not been updated.
#  recipe to execute (from 'makefile', line 31):
	clang -Wall -Wextra -pedantic -O0 -g3 -fsanitize=address -fno-omit-frame-pointer -fno-optimize-sibling-calls list_string.o tableau.o dico.o list_char.o wsolf.o propose_word.o terminal.o -o terminal

# Not a target:
list_char_test.c:
#  Implicit rule search has not been done.
#  Modification time never checked.
#  File has not been updated.

propose_word_test.o: propose_word.h propose_word_test.c
#  Implicit rule search has not been done.
#  Modification time never checked.
#  File has not been updated.
#  recipe to execute (from 'makefile', line 25):
	clang -Wall -Wextra -pedantic -O0 -fsanitize=address -fno-omit-frame-pointer -fno-optimize-sibling-calls -c propose_word_test.c

propose_word_test: propose_word.o propose_word_test.o list_char.o list_string.o
#  Implicit rule search has not been done.
#  Modification time never checked.
#  File has not been updated.
#  recipe to execute (from 'makefile', line 27):
	clang -Wall -Wextra -pedantic -O0 -fsanitize=address -fno-omit-frame-pointer -fno-optimize-sibling-calls propose_word.o propose_word_test.o list_string.o list_char.o -o propose_word_test

dico.o: dico.h dico.c tableau.h list_string.h
#  Implicit rule search has not been done.
#  Modification time never checked.
#  File has not been updated.
#  recipe to execute (from 'makefile', line 6):
	clang -Wall -Wextra -pedantic -O0 -fsanitize=address -fno-omit-frame-pointer -fno-optimize-sibling-calls -c dico.c

# Not a target:
list_string.h:
#  Implicit rule search has not been done.
#  Modification time never checked.
#  File has not been updated.

# Not a target:
test_dico.c:
#  Implicit rule search has not been done.
#  Modification time never checked.
#  File has not been updated.

# files hash-table stats:
 
# Load=38/1024=4%, Rehash=0, Collisions=3/94=3%
# VPATH Search Paths

# No 'vpath' search paths.

# No general ('VPATH' variable) search path.

# strcache buffers: 1 (0) / strings = 62 / storage = 739 B / avg = 11 B
# current buf: size = 8162 B / used = 739 B / count = 62 / avg = 11 B

# strcache performance: lookups = 135 / hit rate = 54%
# hash-table stats:
# Load=62/8192=1%, Rehash=0, Collisions=3/135=2%
# Finished Make data base on Wed Jun  8 17:41:17 2022

 
